<?xml version="1.0" encoding="UTF-8"?>
<testng-results ignored="0" total="1" passed="1" failed="0" skipped="0">
  <reporter-output>
  </reporter-output>
  <suite started-at="2026-02-12T05:10:48 UTC" name="E2E Test Suite" finished-at="2026-02-12T05:10:53 UTC" duration-ms="5198">
    <groups>
      <group name="e2e">
        <method signature="ProductSearchE2ETest.testSearchExistingProduct()[pri:1, instance:e2e.tests.ProductSearchE2ETest@79079097]" name="testSearchExistingProduct" class="e2e.tests.ProductSearchE2ETest"/>
      </group> <!-- e2e -->
    </groups>
    <test started-at="2026-02-12T05:10:48 UTC" name="Product Search E2E Tests" finished-at="2026-02-12T05:10:53 UTC" duration-ms="5198">
      <class name="e2e.tests.ProductSearchE2ETest">
        <test-method is-config="true" signature="setupClass()[pri:0, instance:e2e.tests.ProductSearchE2ETest@79079097]" started-at="2026-02-12T05:10:48 UTC" name="setupClass" finished-at="2026-02-12T05:10:51 UTC" duration-ms="2978" status="PASS">
          <reporter-output>
          </reporter-output>
        </test-method> <!-- setupClass -->
        <test-method is-config="true" signature="setupTest()[pri:0, instance:e2e.tests.ProductSearchE2ETest@79079097]" started-at="2026-02-12T05:10:51 UTC" name="setupTest" finished-at="2026-02-12T05:10:52 UTC" duration-ms="1023" status="PASS">
          <reporter-output>
          </reporter-output>
        </test-method> <!-- setupTest -->
        <test-method signature="testSearchExistingProduct()[pri:1, instance:e2e.tests.ProductSearchE2ETest@79079097]" started-at="2026-02-12T05:10:52 UTC" name="testSearchExistingProduct" description="Verify user can search and view existing product" finished-at="2026-02-12T05:10:53 UTC" duration-ms="1062" status="PASS">
          <reporter-output>
          </reporter-output>
        </test-method> <!-- testSearchExistingProduct -->
        <test-method is-config="true" signature="teardownTest(org.testng.ITestResult)[pri:0, instance:e2e.tests.ProductSearchE2ETest@79079097]" started-at="2026-02-12T05:10:53 UTC" name="teardownTest" finished-at="2026-02-12T05:10:53 UTC" duration-ms="2" status="PASS">
          <params>
            <param index="0">
              <value>
                <![CDATA[[TestResult name=testSearchExistingProduct status=SUCCESS method=ProductSearchE2ETest.testSearchExistingProduct()[pri:1, instance:e2e.tests.ProductSearchE2ETest@79079097] output={null}]]]>
              </value>
            </param>
          </params>
          <reporter-output>
          </reporter-output>
        </test-method> <!-- teardownTest -->
        <test-method is-config="true" signature="teardownClass()[pri:0, instance:e2e.tests.ProductSearchE2ETest@79079097]" started-at="2026-02-12T05:10:53 UTC" name="teardownClass" finished-at="2026-02-12T05:10:53 UTC" duration-ms="119" status="PASS">
          <reporter-output>
          </reporter-output>
        </test-method> <!-- teardownClass -->
      </class> <!-- e2e.tests.ProductSearchE2ETest -->
    </test> <!-- Product Search E2E Tests -->
  </suite> <!-- E2E Test Suite -->
</testng-results>
