<?xml version="1.0" encoding="UTF-8"?>
<testsuite xmlns:xsi="http://www.w3.org/2001/XMLSchema-instance" xsi:noNamespaceSchemaLocation="https://maven.apache.org/surefire/maven-surefire-plugin/xsd/surefire-test-report-3.0.xsd" version="3.0" name="TestSuite" time="5.401" tests="1" errors="0" skipped="0" failures="0">
  <properties>
[...]
</properties>
  <testcase name="testSearchExistingProduct" classname="e2e.tests.ProductSearchE2ETest" time="1.064">
    <system-out><![CDATA[
============================================================
🚀 Setting up E2E Test Suite
============================================================
Configuration:
  Selenium Hub: http://selenium-hub:4444
  Frontend URL: http://frontend:80
  Browser: chrome
============================================================

🐳 Using Selenium Grid (Docker mode)
  Connecting to Selenium Hub: http://selenium-hub:4444
  ✓ Connected to Selenium Grid
  Session ID: a82061685a8cf64072505399123a033e
📊 Creating test data...
  Using Docker network hostname for database
✓ Inserted test product: E2E Test Product (ID: 3000)
✅ Setup complete!

🧪 Starting new test...
TEST: Search for existing product (ID: 3000)
✓ Product details verified successfully
]]></system-out>
    <system-err><![CDATA[Feb 12, 2026 5:10:48 AM org.openqa.selenium.remote.tracing.opentelemetry.OpenTelemetryTracer createTracer
INFO: Using OpenTelemetry for tracing
]]></system-err>
  </testcase>
</testsuite>